<?xml version="1.0" encoding="UTF-8"?>
<!-- Generated by org.testng.reporters.JUnitReportReporter -->
<testsuite name="org.test.LoginTest" tests="1" time="14.160" ignored="0" failures="0" timestamp="28 Oct 2018 17:55:46 GMT" skipped="0" hostname="MMT-LPT-7543" errors="0">
  <testcase name="loginToAmazon" time="14.160" classname="org.test.LoginTest"/>
</testsuite> <!-- org.test.LoginTest -->
